/*C46*/SET SCHEMA PUBLIC
DISCONNECT
/*C47*/SET SCHEMA PUBLIC
DISCONNECT
/*C48*/SET SCHEMA PUBLIC
DELETE FROM MEDICO WHERE CRM=131
INSERT INTO MEDICO VALUES(131,'Italo','Pediatra','M','2003-05-05','10123.99')
COMMIT
DISCONNECT
/*C49*/SET SCHEMA PUBLIC
DISCONNECT
/*C50*/SET SCHEMA PUBLIC
DISCONNECT
/*C51*/SET SCHEMA PUBLIC
DISCONNECT
/*C52*/SET SCHEMA PUBLIC
INSERT INTO MEDICO VALUES(132,'Ivan','Cardiologista','O','1995-09-24','12000.00')
COMMIT
DISCONNECT
/*C53*/SET SCHEMA PUBLIC
DISCONNECT
/*C54*/SET SCHEMA PUBLIC
DISCONNECT
/*C55*/SET SCHEMA PUBLIC
DELETE FROM MEDICO WHERE CRM=132
INSERT INTO MEDICO VALUES(132,'Ivan','Cardiologista','M','1995-09-24','12000.00')
COMMIT
DISCONNECT
/*C56*/SET SCHEMA PUBLIC
DISCONNECT
